<?xml version="1.0" encoding="UTF-8"?>
<!-- Generated by org.testng.reporters.JUnitXMLReporter -->
<testsuite hostname="ZIL357" ignored="0" name="Test" tests="1" failures="1" timestamp="06 Nov 2018 07:38:33 GMT" time="24.689" errors="0">
  <testcase name="login" time="24.666" classname="TestNG.Parameterstest">
    <failure type="java.lang.IllegalMonitorStateException">
      <![CDATA[java.lang.IllegalMonitorStateException
at java.lang.Object.wait(Native Method)
at TestNG.Parameterstest.login(Parameterstest.java:35)
at java.util.concurrent.FutureTask.run(Unknown Source)
at java.util.concurrent.ThreadPoolExecutor.runWorker(Unknown Source)
at java.util.concurrent.ThreadPoolExecutor$Worker.run(Unknown Source)
at java.lang.Thread.run(Unknown Source)
... Removed 16 stack frames]]>
    </failure>
  </testcase> <!-- login -->
</testsuite> <!-- Test -->
