<?xml version="1.0" encoding="UTF-8"?>
<testng-results skipped="0" failed="0" ignored="0" total="1" passed="1">
  <reporter-output>
  </reporter-output>
  <suite name="Default suite" duration-ms="41" started-at="2019-01-03T12:30:02Z" finished-at="2019-01-03T12:30:02Z">
    <groups>
    </groups>
    <test name="Default test" duration-ms="41" started-at="2019-01-03T12:30:02Z" finished-at="2019-01-03T12:30:02Z">
      <class name="TestNG.Parameterstest">
        <test-method status="PASS" signature="test1(java.lang.String)[pri:0, instance:TestNG.Parameterstest@3e6fa38a]" name="test1" duration-ms="11" started-at="2019-01-03T12:30:02Z" finished-at="2019-01-03T12:30:02Z">
          <params>
            <param index="0">
              <value>
                <![CDATA[default]]>
              </value>
            </param>
          </params>
          <reporter-output>
          </reporter-output>
        </test-method> <!-- test1 -->
      </class> <!-- TestNG.Parameterstest -->
    </test> <!-- Default test -->
  </suite> <!-- Default suite -->
</testng-results>
