<?xml version="1.0" encoding="UTF-8"?>
<!-- Generated by org.testng.reporters.JUnitXMLReporter -->
<testsuite hostname="ZIL357" ignored="1" name="Group" tests="2" failures="0" timestamp="03 Jan 2019 11:50:05 GMT" time="0.037" errors="0">
  <testcase name="test1" time="0.01" classname="TestNG.GroupingTestNG"/>
  <testcase name="test2" time="0.004" classname="TestNG.GroupingTestNG"/>
  <testcase name="test3" time="0.0" classname="TestNG.GroupingTestNG">
    <ignored/>
  </testcase> <!-- test3 -->
</testsuite> <!-- Group -->
